2025-11-25 10:40:30
Agelaius phoeniceus (Red-winged Blackbird)
Agelaius phoeniceus (Red-winged Blackbird) (100.00%)

Top 3 predictions:
1. Agelaius phoeniceus (Red-winged Blackbird): 100.00%
2. background: 0.00%
3. Megascops kennicottii (Western Screech-Owl): 0.00%

**********************************************************************
2025-11-25 10:40:41
Muscicapa striata (Spotted Flycatcher)
Muscicapa striata (Spotted Flycatcher) (100.00%)

Top 3 predictions:
1. Muscicapa striata (Spotted Flycatcher): 100.00%
2. Catharus guttatus (Hermit Thrush): 0.00%
3. Oreoscoptes montanus (Sage Thrasher): 0.00%

**********************************************************************
2025-11-25 10:41:07
Archilochus colubris (Ruby-throated Hummingbird)
Archilochus colubris (Ruby-throated Hummingbird) (99.91%)

Top 3 predictions:
1. Archilochus colubris (Ruby-throated Hummingbird): 99.91%
2. Pheucticus ludovicianus (Rose-breasted Grosbeak): 0.09%
3. Icterus galbula (Baltimore Oriole): 0.00%

**********************************************************************
2025-11-25 10:56:17
Archilochus colubris (Ruby-throated Hummingbird)
Archilochus colubris (Ruby-throated Hummingbird) (97.82%)

Top 3 predictions:
1. Archilochus colubris (Ruby-throated Hummingbird): 97.82%
2. Eudyptula minor (Little Penguin): 1.79%
3. Haemorhous mexicanus (House Finch): 0.24%

**********************************************************************
2025-11-25 10:56:23
Hirundo rustica (Barn Swallow)
Hirundo rustica (Barn Swallow) (100.00%)

Top 3 predictions:
1. Hirundo rustica (Barn Swallow): 100.00%
2. Columba livia (Rock Pigeon): 0.00%
3. Passer domesticus (House Sparrow): 0.00%

**********************************************************************
2025-11-25 10:56:28
Cardinalis cardinalis (Northern Cardinal)
Cardinalis cardinalis (Northern Cardinal) (100.00%)

Top 3 predictions:
1. Cardinalis cardinalis (Northern Cardinal): 100.00%
2. background: 0.00%
3. Chordeiles acutipennis (Lesser Nighthawk): 0.00%

**********************************************************************
2025-11-25 11:19:44
Turdus migratorius (American Robin)
Turdus migratorius (American Robin) (100.00%)

Top 3 predictions:
1. Turdus migratorius (American Robin): 100.00%
2. Passerina ciris (Painted Bunting): 0.00%
3. Sialia sialis (Eastern Bluebird): 0.00%

**********************************************************************
2025-11-25 11:19:55
Cardinalis cardinalis (Northern Cardinal)
Cardinalis cardinalis (Northern Cardinal) (100.00%)

Top 3 predictions:
1. Cardinalis cardinalis (Northern Cardinal): 100.00%
2. Spinus tristis (American Goldfinch): 0.00%
3. Larus delawarensis (Ring-billed Gull): 0.00%

**********************************************************************
2025-11-25 13:05:37
Agelaius phoeniceus (Red-winged Blackbird)
Agelaius phoeniceus (Red-winged Blackbird) (100.00%)

Top 3 predictions:
1. Agelaius phoeniceus (Red-winged Blackbird): 100.00%
2. Setophaga ruticilla (American Redstart): 0.00%
3. Vireo olivaceus (Red-eyed Vireo): 0.00%

**********************************************************************
